<?xml version="1.0" encoding="utf-8"?><testsuites name="pytest tests"><testsuite name="pytest" errors="0" failures="0" skipped="0" tests="14" time="18.422" timestamp="2026-06-20T02:34:48.739955+00:00" hostname="agent-env-0631a215-f257-41f0-aeff-73a57a2b8151"><testcase classname="tests.backend_test.TestAuth" name="test_login_admin" time="1.934" /><testcase classname="tests.backend_test.TestAuth" name="test_login_technician" time="1.794" /><testcase classname="tests.backend_test.TestAuth" name="test_login_receptionist" time="1.117" /><testcase classname="tests.backend_test.TestAuth" name="test_login_invalid" time="1.471" /><testcase classname="tests.backend_test.TestAuth" name="test_register_new_user_and_duplicate" time="2.285" /><testcase classname="tests.backend_test.TestAuth" name="test_me_requires_auth" time="0.563" /><testcase classname="tests.backend_test.TestAuth" name="test_me_with_token" time="1.289" /><testcase classname="tests.backend_test.TestCustomers" name="test_customer_crud" time="1.599" /><testcase classname="tests.backend_test.TestRepairs" name="test_repair_lifecycle" time="1.801" /><testcase classname="tests.backend_test.TestRepairs" name="test_repair_not_found" time="0.196" /><testcase classname="tests.backend_test.TestInventory" name="test_inventory_crud" time="1.305" /><testcase classname="tests.backend_test.TestDashboard" name="test_dashboard_stats" time="0.239" /><testcase classname="tests.backend_test.TestSearch" name="test_global_search" time="0.150" /><testcase classname="tests.backend_test.TestSearch" name="test_search_requires_auth" time="0.139" /></testsuite></testsuites>